[2018-07-31 14:37:29,519] - logger.py] - INFO: 长生项目建议书测试开始
[2018-07-31 14:37:48,846] - logger.py] - INFO: 长生项目建议书测试开始
[2018-07-31 14:38:44,200] - logger.py] - INFO: 长生项目建议书测试开始
[2018-07-31 14:38:44,214] - logger.py] - INFO: 开始初始化浏览器.....
[2018-07-31 14:39:10,599] - logger.py] - INFO: ------登录-------
[2018-07-31 14:39:10,601] - logger.py] - INFO: ------用例1------
[2018-07-31 14:39:10,604] - logger.py] - INFO: 输入账号密码,开始登录.........................................
[2018-07-31 14:39:17,991] - logger.py] - INFO: 账号:sh0000002,密码:Aa111111
[2018-07-31 14:39:17,992] - logger.py] - INFO: 登录操作结束..................................................
[2018-07-31 14:39:17,994] - logger.py] - INFO: 用例执行成功
[2018-07-31 14:39:17,995] - logger.py] - INFO: ------登录-------
[2018-07-31 14:39:17,996] - logger.py] - INFO: ------用例1------
[2018-07-31 14:39:17,998] - logger.py] - INFO: 输入账号密码,开始登录.........................................
[2018-07-31 14:54:00,619] - logger.py] - INFO: 长生项目建议书测试开始
[2018-07-31 14:54:00,631] - logger.py] - INFO: 开始初始化浏览器.....
[2018-07-31 14:54:18,852] - logger.py] - INFO: ------登录-------
[2018-07-31 14:54:18,854] - logger.py] - INFO: ------用例1------
[2018-07-31 14:54:18,856] - logger.py] - INFO: 输入账号密码,开始登录.........................................
[2018-07-31 14:54:26,185] - logger.py] - INFO: 账号:sh0000002,密码:Aa111111
[2018-07-31 14:54:26,186] - logger.py] - INFO: 登录操作结束..................................................
[2018-07-31 14:54:26,188] - logger.py] - INFO: 用例执行成功
