[2018-08-22 15:23:18,860] - logger.py] - INFO: 长生项目登录测试开始
[2018-08-22 15:23:18,932] - logger.py] - INFO: 长生项目电子投保测试开始
[2018-08-22 15:23:18,967] - logger.py] - INFO: 长生项目建议书测试开始
[2018-08-22 15:23:18,982] - logger.py] - INFO: 长生项目z准客户测试开始
[2018-08-22 15:23:18,986] - logger.py] - INFO: 开始初始化浏览器.....
[2018-08-22 15:23:31,548] - logger.py] - INFO: ------登录-------
[2018-08-22 15:23:31,549] - logger.py] - INFO: 输入账号密码,开始登录.........................................
[2018-08-22 15:23:38,858] - logger.py] - INFO: 账号:sh0000002,密码:Aa111111
[2018-08-22 15:23:38,860] - logger.py] - INFO: 登录操作结束..................................................
[2018-08-22 15:23:38,861] - logger.py] - INFO: 用例执行成功
[2018-08-22 15:23:38,911] - logger.py] - INFO: 开始初始化浏览器.....
[2018-08-22 15:23:50,605] - logger.py] - INFO: ------登录-------
[2018-08-22 15:23:50,606] - logger.py] - INFO: 输入账号密码,开始登录.........................................
[2018-08-22 15:23:57,907] - logger.py] - INFO: 账号:sh0000002,密码:Aa111111
[2018-08-22 15:23:57,908] - logger.py] - INFO: 登录操作结束..................................................
[2018-08-22 15:23:57,909] - logger.py] - INFO: 用例执行成功
[2018-08-22 15:23:58,005] - logger.py] - INFO: 开始初始化浏览器.....
[2018-08-22 15:24:10,481] - logger.py] - INFO: ------登录-------
[2018-08-22 15:24:17,772] - logger.py] - INFO: 账号:sh0000002,密码:Aa111111
[2018-08-22 15:24:17,773] - logger.py] - INFO: 开始新增.........................................
[2018-08-22 15:24:18,491] - logger.py] - INFO: 开始初始化浏览器.....
[2018-08-22 15:24:30,214] - logger.py] - INFO: ------登录-------
[2018-08-22 15:24:30,215] - logger.py] - INFO: 输入账号密码,开始登录.........................................
[2018-08-22 15:24:37,533] - logger.py] - INFO: 账号:sh0000002,密码:Aa111111
[2018-08-22 15:24:37,534] - logger.py] - INFO: 登录操作结束..................................................
[2018-08-22 15:24:37,534] - logger.py] - INFO: 用例执行成功
[2018-08-22 15:24:37,684] - logger.py] - INFO: attach file E:\toors\xiangmu_chonggou\report\20180822_15-23-18_result.html
[2018-08-22 15:24:37,876] - logger.py] - INFO: 发送邮件"长生测试报告"成功! 收件人：1978529954@qq.com。如果没有收到邮件，请检查垃圾箱，同时检查收件人地址是否正确
[2018-08-22 16:12:22,976] - logger.py] - INFO: 长生项目建议书测试开始
[2018-08-22 16:12:22,987] - logger.py] - INFO: 开始初始化浏览器.....
[2018-08-22 16:12:35,568] - logger.py] - INFO: ------登录-------
[2018-08-22 16:12:42,870] - logger.py] - INFO: 账号:sh0000002,密码:Aa111111
[2018-08-22 16:12:42,871] - logger.py] - INFO: 开始新增.........................................
[2018-08-22 17:02:44,077] - logger.py] - INFO: 长生项目登录测试开始
[2018-08-22 17:02:44,089] - logger.py] - INFO: 开始初始化浏览器.....
[2018-08-22 17:03:02,457] - logger.py] - INFO: ------正确的账号密码-------
[2018-08-22 17:03:02,458] - logger.py] - INFO: 输入账号密码,开始登录.........................................
[2018-08-22 17:03:09,757] - logger.py] - INFO: 账号:sh0000002,密码:Aa111111
[2018-08-22 17:03:09,759] - logger.py] - INFO: 登录操作结束..................................................
[2018-08-22 17:03:09,760] - logger.py] - INFO: 用例执行成功
[2018-08-22 17:04:07,560] - logger.py] - INFO: 长生项目登录测试开始
[2018-08-22 17:04:07,569] - logger.py] - INFO: 开始初始化浏览器.....
[2018-08-22 17:04:25,351] - logger.py] - INFO: ------正确的账号密码-------
[2018-08-22 17:04:25,352] - logger.py] - INFO: 输入账号密码,开始登录.........................................
[2018-08-22 17:04:32,667] - logger.py] - INFO: 账号:sh0000002,密码:Aa111111
[2018-08-22 17:04:32,668] - logger.py] - INFO: 登录操作结束..................................................
[2018-08-22 17:04:32,669] - logger.py] - INFO: 用例执行成功
[2018-08-22 17:04:40,233] - logger.py] - INFO: ------错误的账号密码-------
[2018-08-22 17:04:40,234] - logger.py] - INFO: 输入账号密码,开始登录.........................................
