[2018-05-25 17:38:17,330] - logger.py] - INFO: 长生项目建议书测试开始
[2018-05-25 17:39:04,408] - logger.py] - INFO: 长生项目建议书测试开始
[2018-05-25 17:39:04,420] - logger.py] - INFO: 开始初始化浏览器.....
[2018-05-25 17:39:12,190] - logger.py] - INFO: ------登录-------
[2018-05-25 17:39:12,191] - logger.py] - INFO: ------用例1------
[2018-05-25 17:39:12,192] - logger.py] - INFO: 输入账号密码,开始登录.........................................
[2018-05-25 17:39:19,552] - logger.py] - INFO: 账号:sh0000001,密码:Aa111111
[2018-05-25 17:39:19,553] - logger.py] - INFO: 登录操作结束..................................................
[2018-05-25 17:39:19,555] - logger.py] - INFO: 开始初始化浏览器.....
[2018-05-25 17:39:27,412] - logger.py] - INFO: ------登录-------
[2018-05-25 17:39:27,413] - logger.py] - INFO: ------用例1------
[2018-05-25 17:39:27,414] - logger.py] - INFO: 输入账号密码,开始登录.........................................
[2018-05-25 17:42:27,329] - logger.py] - INFO: 长生项目建议书测试开始
[2018-05-25 17:42:27,340] - logger.py] - INFO: 开始初始化浏览器.....
[2018-05-25 17:42:34,883] - logger.py] - INFO: ------登录-------
[2018-05-25 17:42:34,884] - logger.py] - INFO: ------用例1------
[2018-05-25 17:42:34,885] - logger.py] - INFO: 输入账号密码,开始登录.........................................
[2018-05-25 17:43:18,232] - logger.py] - INFO: 开始初始化浏览器.....
[2018-05-25 17:43:26,197] - logger.py] - INFO: ------登录-------
[2018-05-25 17:43:26,198] - logger.py] - INFO: ------用例1------
[2018-05-25 17:43:26,199] - logger.py] - INFO: 输入账号密码,开始登录.........................................
[2018-05-25 17:53:34,666] - logger.py] - INFO: 长生项目建议书测试开始
[2018-05-25 17:53:34,677] - logger.py] - INFO: 开始初始化浏览器.....
[2018-05-25 17:53:42,776] - logger.py] - INFO: ------登录-------
[2018-05-25 17:53:42,777] - logger.py] - INFO: ------用例1------
[2018-05-25 17:53:42,778] - logger.py] - INFO: 输入账号密码,开始登录.........................................
[2018-05-25 17:53:50,097] - logger.py] - INFO: 账号:sh0000001,密码:Aa111111
[2018-05-25 17:53:50,098] - logger.py] - INFO: 登录操作结束..................................................
[2018-05-25 17:53:50,099] - logger.py] - INFO: 开始初始化浏览器.....
[2018-05-25 17:53:58,027] - logger.py] - INFO: ------登录-------
[2018-05-25 17:53:58,030] - logger.py] - INFO: ------用例1------
[2018-05-25 17:53:58,031] - logger.py] - INFO: 输入账号密码,开始登录.........................................
[2018-05-25 17:58:46,569] - logger.py] - INFO: 长生项目建议书测试开始
[2018-05-25 17:58:46,582] - logger.py] - INFO: attach file E:\toors\xiangmu_chonggou\report\20180525_17-58-46_result.html
[2018-05-25 17:58:46,733] - logger.py] - INFO: 发送邮件"长生测试报告"成功! 收件人：1978529954@qq.com。如果没有收到邮件，请检查垃圾箱，同时检查收件人地址是否正确
[2018-05-25 17:59:20,363] - logger.py] - INFO: 长生项目建议书测试开始
[2018-05-25 17:59:20,376] - logger.py] - INFO: attach file E:\toors\xiangmu_chonggou\report\20180525_17-59-20_result.html
[2018-05-25 17:59:20,509] - logger.py] - INFO: 发送邮件"长生测试报告"成功! 收件人：1978529954@qq.com。如果没有收到邮件，请检查垃圾箱，同时检查收件人地址是否正确
