[2018-05-28 15:40:19,313] - logger.py] - INFO: 长生项目建议书测试开始
[2018-05-28 15:41:31,499] - logger.py] - INFO: 长生项目建议书测试开始
[2018-05-28 15:41:50,223] - logger.py] - INFO: 长生项目建议书测试开始
[2018-05-28 15:41:50,239] - logger.py] - INFO: 开始初始化浏览器.....
[2018-05-28 15:41:58,446] - logger.py] - INFO: ------登录-------
[2018-05-28 15:41:58,447] - logger.py] - INFO: ------用例1------
[2018-05-28 15:41:58,449] - logger.py] - INFO: 输入账号密码,开始登录.........................................
[2018-05-28 15:44:20,863] - logger.py] - INFO: 长生项目建议书测试开始
[2018-05-28 15:44:20,877] - logger.py] - INFO: 开始初始化浏览器.....
[2018-05-28 15:44:29,372] - logger.py] - INFO: ------登录-------
[2018-05-28 15:44:29,374] - logger.py] - INFO: ------用例1------
[2018-05-28 15:44:29,375] - logger.py] - INFO: 输入账号密码,开始登录.........................................
[2018-05-28 15:44:36,709] - logger.py] - INFO: 账号:sh0000002,密码:Aa111111
[2018-05-28 15:44:36,710] - logger.py] - INFO: 登录操作结束..................................................
[2018-05-28 15:50:12,372] - logger.py] - INFO: 长生项目建议书测试开始
[2018-05-28 15:50:12,386] - logger.py] - INFO: 开始初始化浏览器.....
[2018-05-28 15:50:20,320] - logger.py] - INFO: ------登录-------
[2018-05-28 15:50:20,322] - logger.py] - INFO: ------用例1------
[2018-05-28 15:50:20,325] - logger.py] - INFO: 输入账号密码,开始登录.........................................
[2018-05-28 15:50:27,638] - logger.py] - INFO: 账号:sh0000002,密码:Aa111111
[2018-05-28 15:50:27,639] - logger.py] - INFO: 登录操作结束..................................................
[2018-05-28 15:50:27,641] - logger.py] - INFO: 开始初始化浏览器.....
[2018-05-28 15:50:35,604] - logger.py] - INFO: ------登录-------
[2018-05-28 15:50:35,605] - logger.py] - INFO: ------用例1------
[2018-05-28 15:50:35,607] - logger.py] - INFO: 输入账号密码,开始登录.........................................
[2018-05-28 15:50:42,930] - logger.py] - INFO: 开始初始化浏览器.....
[2018-05-28 15:50:51,655] - logger.py] - INFO: ------登录-------
[2018-05-28 15:50:51,656] - logger.py] - INFO: ------用例2------
[2018-05-28 15:50:51,657] - logger.py] - INFO: 输入账号密码,开始登录.........................................
[2018-05-28 15:50:58,990] - logger.py] - INFO: 账号:sh0000002,密码:Aa111111
[2018-05-28 15:50:58,991] - logger.py] - INFO: 登录操作结束..................................................
[2018-05-28 15:50:58,993] - logger.py] - INFO: 开始初始化浏览器.....
[2018-05-28 15:51:07,139] - logger.py] - INFO: ------登录-------
[2018-05-28 15:51:07,141] - logger.py] - INFO: ------用例2------
[2018-05-28 15:51:07,143] - logger.py] - INFO: 输入账号密码,开始登录.........................................
[2018-05-28 16:04:15,456] - logger.py] - INFO: 长生项目建议书测试开始
[2018-05-28 16:04:15,472] - logger.py] - INFO: 开始初始化浏览器.....
[2018-05-28 16:04:23,302] - logger.py] - INFO: ------登录-------
[2018-05-28 16:04:23,303] - logger.py] - INFO: ------用例1------
[2018-05-28 16:04:23,304] - logger.py] - INFO: 输入账号密码,开始登录.........................................
[2018-05-28 16:04:30,645] - logger.py] - INFO: 账号:sh0000002,密码:Aa111111
[2018-05-28 16:04:30,646] - logger.py] - INFO: 登录操作结束..................................................
[2018-05-28 16:04:30,647] - logger.py] - INFO: 开始初始化浏览器.....
[2018-05-28 16:04:38,597] - logger.py] - INFO: ------登录-------
[2018-05-28 16:04:38,599] - logger.py] - INFO: ------用例1------
[2018-05-28 16:04:38,600] - logger.py] - INFO: 输入账号密码,开始登录.........................................
[2018-05-28 16:04:45,910] - logger.py] - INFO: 账号:sh0000002,密码:Aa111111
[2018-05-28 16:04:45,911] - logger.py] - INFO: 登录操作结束..................................................
[2018-05-28 16:04:45,912] - logger.py] - INFO: 开始初始化浏览器.....
[2018-05-28 16:04:53,867] - logger.py] - INFO: ------登录-------
[2018-05-28 16:04:53,868] - logger.py] - INFO: ------用例2------
[2018-05-28 16:04:53,869] - logger.py] - INFO: 输入账号密码,开始登录.........................................
[2018-05-28 16:05:01,173] - logger.py] - INFO: 账号:sh0000002,密码:Aa111111
[2018-05-28 16:05:01,174] - logger.py] - INFO: 登录操作结束..................................................
[2018-05-28 16:05:01,176] - logger.py] - INFO: 开始初始化浏览器.....
[2018-05-28 16:05:09,057] - logger.py] - INFO: ------登录-------
[2018-05-28 16:05:09,057] - logger.py] - INFO: ------用例2------
[2018-05-28 16:05:09,058] - logger.py] - INFO: 输入账号密码,开始登录.........................................
[2018-05-28 16:05:16,374] - logger.py] - INFO: 账号:sh0000002,密码:Aa111111
[2018-05-28 16:05:16,376] - logger.py] - INFO: 登录操作结束..................................................
[2018-05-28 16:07:28,583] - logger.py] - INFO: 长生项目建议书测试开始
[2018-05-28 16:07:28,601] - logger.py] - INFO: 开始初始化浏览器.....
[2018-05-28 16:07:36,435] - logger.py] - INFO: ------登录-------
[2018-05-28 16:07:36,436] - logger.py] - INFO: ------用例1------
[2018-05-28 16:07:36,437] - logger.py] - INFO: 输入账号密码,开始登录.........................................
[2018-05-28 16:07:43,767] - logger.py] - INFO: 账号:sh0000002,密码:Aa111111
[2018-05-28 16:07:43,768] - logger.py] - INFO: 登录操作结束..................................................
[2018-05-28 16:07:43,769] - logger.py] - INFO: 用例执行成功
[2018-05-28 16:07:43,770] - logger.py] - INFO: 开始初始化浏览器.....
[2018-05-28 16:07:51,406] - logger.py] - INFO: ------登录-------
[2018-05-28 16:07:51,407] - logger.py] - INFO: ------用例1------
[2018-05-28 16:07:51,408] - logger.py] - INFO: 输入账号密码,开始登录.........................................
[2018-05-28 16:07:58,726] - logger.py] - INFO: 账号:sh0000001,密码:Aa111111
[2018-05-28 16:07:58,727] - logger.py] - INFO: 登录操作结束..................................................
[2018-05-28 16:07:58,728] - logger.py] - INFO: 用例执行成功
[2018-05-28 16:07:58,730] - logger.py] - INFO: 开始初始化浏览器.....
[2018-05-28 16:08:06,777] - logger.py] - INFO: ------登录-------
[2018-05-28 16:08:06,778] - logger.py] - INFO: ------用例2------
[2018-05-28 16:08:06,779] - logger.py] - INFO: 输入账号密码,开始登录.........................................
[2018-05-28 16:08:14,153] - logger.py] - INFO: 账号:sh0000002,密码:Aa111111
[2018-05-28 16:08:14,154] - logger.py] - INFO: 登录操作结束..................................................
[2018-05-28 16:08:14,155] - logger.py] - INFO: 开始初始化浏览器.....
[2018-05-28 16:08:22,106] - logger.py] - INFO: ------登录-------
[2018-05-28 16:08:22,107] - logger.py] - INFO: ------用例2------
[2018-05-28 16:08:22,108] - logger.py] - INFO: 输入账号密码,开始登录.........................................
[2018-05-28 16:08:29,419] - logger.py] - INFO: 账号:sh0000001,密码:Aa111111
[2018-05-28 16:08:29,419] - logger.py] - INFO: 登录操作结束..................................................
[2018-05-28 16:11:31,556] - logger.py] - INFO: 长生项目建议书测试开始
[2018-05-28 16:12:30,288] - logger.py] - INFO: 长生项目建议书测试开始
[2018-05-28 16:12:58,505] - logger.py] - INFO: 长生项目建议书测试开始
[2018-05-28 16:18:48,956] - logger.py] - INFO: 长生项目建议书测试开始
[2018-05-28 16:18:48,971] - logger.py] - INFO: 开始初始化浏览器.....
[2018-05-28 16:18:56,540] - logger.py] - INFO: ------登录-------
[2018-05-28 16:18:56,541] - logger.py] - INFO: ------用例1------
[2018-05-28 16:18:56,542] - logger.py] - INFO: 输入账号密码,开始登录.........................................
[2018-05-28 16:19:03,846] - logger.py] - INFO: 账号:sh0000002,密码:Aa111111
[2018-05-28 16:19:03,847] - logger.py] - INFO: 登录操作结束..................................................
[2018-05-28 16:19:03,848] - logger.py] - INFO: 用例执行成功
[2018-05-28 16:19:03,849] - logger.py] - INFO: ------登录-------
[2018-05-28 16:19:03,850] - logger.py] - INFO: ------用例1------
[2018-05-28 16:19:03,852] - logger.py] - INFO: 输入账号密码,开始登录.........................................
[2018-05-28 16:19:47,242] - logger.py] - INFO: ------登录-------
[2018-05-28 16:19:47,244] - logger.py] - INFO: ------用例2------
[2018-05-28 16:19:47,247] - logger.py] - INFO: 输入账号密码,开始登录.........................................
[2018-05-28 16:25:03,238] - logger.py] - INFO: 长生项目建议书测试开始
[2018-05-28 16:25:03,301] - logger.py] - INFO: 开始初始化浏览器.....
[2018-05-28 16:25:12,411] - logger.py] - INFO: ------登录-------
[2018-05-28 16:25:12,411] - logger.py] - INFO: ------用例1------
[2018-05-28 16:25:12,411] - logger.py] - INFO: 输入账号密码,开始登录.........................................
[2018-05-28 16:25:19,783] - logger.py] - INFO: 账号:sh0000002,密码:Aa111111
[2018-05-28 16:25:19,783] - logger.py] - INFO: 登录操作结束..................................................
[2018-05-28 16:25:19,783] - logger.py] - INFO: 用例执行成功
[2018-05-28 16:25:19,783] - logger.py] - INFO: ------登录-------
[2018-05-28 16:25:19,783] - logger.py] - INFO: ------用例1------
[2018-05-28 16:25:19,783] - logger.py] - INFO: 输入账号密码,开始登录.........................................
[2018-05-28 16:26:02,983] - logger.py] - INFO: ------登录-------
[2018-05-28 16:26:02,984] - logger.py] - INFO: ------用例2------
[2018-05-28 16:26:02,986] - logger.py] - INFO: 输入账号密码,开始登录.........................................
[2018-05-28 16:26:46,031] - logger.py] - INFO: ------登录-------
[2018-05-28 16:26:46,033] - logger.py] - INFO: ------用例2------
[2018-05-28 16:26:46,041] - logger.py] - INFO: 输入账号密码,开始登录.........................................
[2018-05-28 16:28:48,346] - logger.py] - INFO: 长生项目建议书测试开始
[2018-05-28 16:28:48,362] - logger.py] - INFO: 开始初始化浏览器.....
[2018-05-28 16:28:56,404] - logger.py] - INFO: ------登录-------
[2018-05-28 16:28:56,404] - logger.py] - INFO: ------用例1------
[2018-05-28 16:28:56,404] - logger.py] - INFO: 输入账号密码,开始登录.........................................
[2018-05-28 16:29:03,755] - logger.py] - INFO: 账号:sh0000002,密码:Aa111111
[2018-05-28 16:29:03,755] - logger.py] - INFO: 登录操作结束..................................................
[2018-05-28 16:29:03,755] - logger.py] - INFO: 用例执行成功
[2018-05-28 16:29:03,755] - logger.py] - INFO: ------登录-------
[2018-05-28 16:29:03,755] - logger.py] - INFO: ------用例1------
[2018-05-28 16:29:03,755] - logger.py] - INFO: 输入账号密码,开始登录.........................................
[2018-05-28 16:29:46,871] - logger.py] - INFO: ------登录-------
[2018-05-28 16:29:46,871] - logger.py] - INFO: ------用例2------
[2018-05-28 16:29:46,871] - logger.py] - INFO: 输入账号密码,开始登录.........................................
[2018-05-28 16:30:29,920] - logger.py] - INFO: ------登录-------
[2018-05-28 16:30:29,920] - logger.py] - INFO: ------用例2------
[2018-05-28 16:30:29,920] - logger.py] - INFO: 输入账号密码,开始登录.........................................
[2018-05-28 16:35:34,005] - logger.py] - INFO: 长生项目建议书测试开始
[2018-05-28 16:35:34,020] - logger.py] - INFO: 开始初始化浏览器.....
[2018-05-28 16:35:42,680] - logger.py] - INFO: ------登录-------
[2018-05-28 16:35:42,680] - logger.py] - INFO: ------用例1------
[2018-05-28 16:35:42,680] - logger.py] - INFO: 输入账号密码,开始登录.........................................
[2018-05-28 16:35:50,004] - logger.py] - INFO: 账号:sh0000002,密码:Aa111111
[2018-05-28 16:35:50,004] - logger.py] - INFO: 登录操作结束..................................................
[2018-05-28 16:35:50,004] - logger.py] - INFO: 用例执行成功
[2018-05-28 16:35:50,004] - logger.py] - INFO: ------登录-------
[2018-05-28 16:35:50,004] - logger.py] - INFO: ------用例1------
[2018-05-28 16:35:50,004] - logger.py] - INFO: 输入账号密码,开始登录.........................................
[2018-05-28 16:36:33,112] - logger.py] - INFO: ------登录-------
[2018-05-28 16:36:33,112] - logger.py] - INFO: ------用例2------
[2018-05-28 16:36:33,112] - logger.py] - INFO: 输入账号密码,开始登录.........................................
[2018-05-28 16:37:16,192] - logger.py] - INFO: ------登录-------
[2018-05-28 16:37:16,192] - logger.py] - INFO: ------用例2------
[2018-05-28 16:37:16,192] - logger.py] - INFO: 输入账号密码,开始登录.........................................
[2018-05-28 16:37:50,502] - logger.py] - INFO: 长生项目建议书测试开始
[2018-05-28 16:37:50,518] - logger.py] - INFO: 开始初始化浏览器.....
[2018-05-28 16:37:59,612] - logger.py] - INFO: ------登录-------
[2018-05-28 16:37:59,612] - logger.py] - INFO: ------用例1------
[2018-05-28 16:37:59,612] - logger.py] - INFO: 输入账号密码,开始登录.........................................
[2018-05-28 16:38:06,914] - logger.py] - INFO: 账号:sh0000002,密码:Aa111111
[2018-05-28 16:38:06,914] - logger.py] - INFO: 登录操作结束..................................................
[2018-05-28 16:38:06,914] - logger.py] - INFO: 用例执行成功
[2018-05-28 16:38:06,914] - logger.py] - INFO: ------登录-------
[2018-05-28 16:38:06,914] - logger.py] - INFO: ------用例1------
[2018-05-28 16:38:06,914] - logger.py] - INFO: 输入账号密码,开始登录.........................................
[2018-05-28 16:38:50,017] - logger.py] - INFO: ------登录-------
[2018-05-28 16:38:50,017] - logger.py] - INFO: ------用例2------
[2018-05-28 16:38:50,017] - logger.py] - INFO: 输入账号密码,开始登录.........................................
[2018-05-28 16:39:33,220] - logger.py] - INFO: ------登录-------
[2018-05-28 16:39:33,235] - logger.py] - INFO: ------用例2------
[2018-05-28 16:39:33,235] - logger.py] - INFO: 输入账号密码,开始登录.........................................
[2018-05-28 16:40:17,716] - logger.py] - INFO: 长生项目建议书测试开始
[2018-05-28 16:40:17,747] - logger.py] - INFO: 开始初始化浏览器.....
[2018-05-28 16:40:26,588] - logger.py] - INFO: ------登录-------
[2018-05-28 16:40:26,588] - logger.py] - INFO: ------用例1------
[2018-05-28 16:40:26,588] - logger.py] - INFO: 输入账号密码,开始登录.........................................
[2018-05-28 16:40:33,906] - logger.py] - INFO: 账号:sh0000002,密码:Aa111111
[2018-05-28 16:40:33,906] - logger.py] - INFO: 登录操作结束..................................................
[2018-05-28 16:40:33,906] - logger.py] - INFO: 用例执行成功
[2018-05-28 16:40:33,906] - logger.py] - INFO: ------登录-------
[2018-05-28 16:40:33,906] - logger.py] - INFO: ------用例1------
[2018-05-28 16:40:33,906] - logger.py] - INFO: 输入账号密码,开始登录.........................................
[2018-05-28 16:41:17,043] - logger.py] - INFO: ------登录-------
[2018-05-28 16:41:17,043] - logger.py] - INFO: ------用例2------
[2018-05-28 16:41:17,043] - logger.py] - INFO: 输入账号密码,开始登录.........................................
[2018-05-28 16:42:00,136] - logger.py] - INFO: ------登录-------
[2018-05-28 16:42:00,136] - logger.py] - INFO: ------用例2------
[2018-05-28 16:42:00,136] - logger.py] - INFO: 输入账号密码,开始登录.........................................
